[debug] [2019-09-22T07:32:28.329Z] ----------------------------------------------------------------------
[debug] [2019-09-22T07:32:28.331Z] Command:       C:\Program Files\nodejs\node.exe C:\Users\JoJaeHoon\AppData\Roaming\npm\node_modules\firebase-tools\lib\bin\firebase.js serve
[debug] [2019-09-22T07:32:28.332Z] CLI Version:   7.3.2
[debug] [2019-09-22T07:32:28.332Z] Platform:      win32
[debug] [2019-09-22T07:32:28.332Z] Node Version:  v10.16.0
[debug] [2019-09-22T07:32:28.334Z] Time:          Sun Sep 22 2019 16:32:28 GMT+0900 (GMT+09:00)
[debug] [2019-09-22T07:32:28.334Z] ----------------------------------------------------------------------
[debug] 
[debug] [2019-09-22T07:32:28.345Z] > command requires scopes: ["email","openid","https://www.googleapis.com/auth/cloudplatformprojects.readonly","https://www.googleapis.com/auth/firebase","https://www.googleapis.com/auth/cloud-platform"]
[debug] [2019-09-22T07:32:28.346Z] > authorizing via signed-in user
[debug] [2019-09-22T07:32:28.346Z] [iam] checking project uosyomo for permissions ["firebase.projects.get"]
[debug] [2019-09-22T07:32:28.348Z] >>> HTTP REQUEST POST https://cloudresourcemanager.googleapis.com/v1/projects/uosyomo:testIamPermissions  

[debug] [2019-09-22T07:32:29.876Z] <<< HTTP RESPONSE 200
[debug] [2019-09-22T07:32:29.877Z] >>> HTTP REQUEST GET https://firebase.googleapis.com/v1beta1/projects/uosyomo  
 
[debug] [2019-09-22T07:32:30.923Z] <<< HTTP RESPONSE 200
[info] 
[info] === Serving from 'C:\Users\JoJaeHoon\dev\js\UOS_YOMO\UOS_YOMO'...
[info] 
[debug] [2019-09-22T07:32:30.929Z] >>> HTTP REQUEST GET https://firebase.googleapis.com/v1beta1/projects/uosyomo/webApps/-/config  
 
[warn] !  Your requested "node" version "8" doesn't match your global version "10"
[info] +  functions: Emulator started at http://localhost:5001
[debug] [2019-09-22T07:32:36.295Z] <<< HTTP RESPONSE 200
[info] i  functions: Watching "C:\Users\JoJaeHoon\dev\js\UOS_YOMO\UOS_YOMO\functions" for Cloud Functions...
[info] i  hosting: Serving hosting files from: public
[info] +  hosting: Local server: http://localhost:5000
[debug] [2019-09-22T07:32:37.000Z] [runtime-status] Functions runtime initialized. {"cwd":"C:\\Users\\JoJaeHoon\\dev\\js\\UOS_YOMO\\UOS_YOMO\\functions","node_version":"10.16.0"}
[debug] [2019-09-22T07:32:37.001Z] [runtime-status] Disabled runtime features: {"functions_config_helper":true,"network_filtering":true,"timeout":true,"memory_limiting":true,"admin_stubs":true} {}
[warn] !  The Cloud Functions emulator requires the module "firebase-admin" to be installed. This package is in your package.json, but it's not available. You probably need to run "npm install" in your functions directory.
[info] i  functions: Your functions could not be parsed due to an issue with your node_modules (see above)
